<?xml version="1.0" encoding="UTF-8"?>
<!-- Generated by org.testng.reporters.JUnitXMLReporter -->
<testsuite ignored="5" hostname="Akash-PC" failures="0" tests="2" name="Register" time="0.079" errors="0" timestamp="2023-03-27T21:44:48 IST">
  <testcase classname="module1.Topic1" name="testCase1" time="0.011"/>
  <testcase classname="module1.Topic1" name="testCase2" time="0.002"/>
  <testcase classname="module1.Topic2" name="username" time="0.0">
    <ignored/>
  </testcase> <!-- username -->
  <testcase classname="module1.Topic2" name="login" time="0.0">
    <ignored/>
  </testcase> <!-- login -->
  <testcase classname="module1.Topic1" name="data" time="0.0">
    <ignored/>
  </testcase> <!-- data -->
  <testcase classname="module1.Topic2" name="password" time="0.0">
    <ignored/>
  </testcase> <!-- password -->
  <testcase classname="module1.Topic1" name="demo" time="0.0">
    <ignored/>
  </testcase> <!-- demo -->
</testsuite> <!-- Register -->
