<?xml version="1.0" encoding="UTF-8"?>
<!-- Generated by org.testng.reporters.JUnitXMLReporter -->
<testsuite ignored="0" hostname="Akash-PC" failures="0" tests="7" name="Default test" time="27.579" errors="0" timestamp="2023-07-28T13:21:55 IST">
  <testcase classname="testExecution.LoginFlow" name="launchBrowser" time="11.47"/>
  <testcase classname="testExecution.LoginFlow" name="login" time="2.842"/>
  <testcase classname="testExecution.LoginFlow" name="mouseOver" time="2.075"/>
  <testcase classname="testExecution.LoginFlow" name="addEmp" time="7.394"/>
  <testcase classname="testExecution.LoginFlow" name="verify" time="0.516"/>
  <testcase classname="testExecution.LoginFlow" name="print" time="0.057"/>
  <testcase classname="testExecution.LoginFlow" name="logout" time="3.149"/>
</testsuite> <!-- Default test -->
