<?xml version="1.0" encoding="UTF-8"?>
<!-- Generated by org.testng.reporters.JUnitXMLReporter -->
<testsuite ignored="0" hostname="NBIN0020" failures="0" tests="11" name="Test" time="0.059" errors="0" timestamp="2023-06-21T10:14:43 IST">
  <testcase classname="module1.Topic4" name="testCase8" time="0.005"/>
  <testcase classname="module1.Topic4" name="testCase7" time="0.001"/>
  <testcase classname="module1.Topic2" name="test2" time="0.001"/>
  <testcase classname="module1.Topic2" name="username" time="0.0"/>
  <testcase classname="module1.Topic2" name="password" time="0.001"/>
  <testcase classname="module1.Topic2" name="login" time="0.001"/>
  <testcase classname="module1.Topic3" name="testCase5" time="0.0"/>
  <testcase classname="module1.Topic1" name="data" time="0.001"/>
  <testcase classname="module1.Topic1" name="demo" time="0.001"/>
  <testcase classname="module1.Topic1" name="testCase1" time="0.001"/>
  <testcase classname="module1.Topic1" name="testCase2" time="0.001"/>
</testsuite> <!-- Test -->
