<?xml version="1.0" encoding="UTF-8"?>
<testng-results ignored="0" total="7" passed="7" failed="0" skipped="0">
  <reporter-output>
  </reporter-output>
  <suite started-at="2023-07-28T13:21:27 IST" name="Default suite" finished-at="2023-07-28T13:21:55 IST" duration-ms="27579">
    <groups>
    </groups>
    <test started-at="2023-07-28T13:21:27 IST" name="Default test" finished-at="2023-07-28T13:21:55 IST" duration-ms="27579">
      <class name="testExecution.LoginFlow">
        <test-method signature="launchBrowser()[pri:1, instance:testExecution.LoginFlow@26275bef]" started-at="2023-07-28T13:21:27 IST" name="launchBrowser" finished-at="2023-07-28T13:21:39 IST" duration-ms="11470" status="PASS">
          <reporter-output>
          </reporter-output>
        </test-method> <!-- launchBrowser -->
        <test-method signature="login()[pri:2, instance:testExecution.LoginFlow@26275bef]" started-at="2023-07-28T13:21:39 IST" name="login" finished-at="2023-07-28T13:21:42 IST" duration-ms="2842" status="PASS">
          <reporter-output>
          </reporter-output>
        </test-method> <!-- login -->
        <test-method signature="mouseOver()[pri:3, instance:testExecution.LoginFlow@26275bef]" started-at="2023-07-28T13:21:42 IST" name="mouseOver" finished-at="2023-07-28T13:21:44 IST" duration-ms="2075" status="PASS">
          <reporter-output>
          </reporter-output>
        </test-method> <!-- mouseOver -->
        <test-method signature="addEmp()[pri:4, instance:testExecution.LoginFlow@26275bef]" started-at="2023-07-28T13:21:44 IST" name="addEmp" finished-at="2023-07-28T13:21:51 IST" duration-ms="7394" status="PASS">
          <reporter-output>
          </reporter-output>
        </test-method> <!-- addEmp -->
        <test-method signature="verify()[pri:5, instance:testExecution.LoginFlow@26275bef]" started-at="2023-07-28T13:21:51 IST" name="verify" finished-at="2023-07-28T13:21:52 IST" duration-ms="516" status="PASS">
          <reporter-output>
          </reporter-output>
        </test-method> <!-- verify -->
        <test-method signature="print()[pri:6, instance:testExecution.LoginFlow@26275bef]" started-at="2023-07-28T13:21:52 IST" name="print" finished-at="2023-07-28T13:21:52 IST" depends-on-methods="testExecution.LoginFlow.verify" duration-ms="57" status="PASS">
          <reporter-output>
          </reporter-output>
        </test-method> <!-- print -->
        <test-method signature="logout()[pri:7, instance:testExecution.LoginFlow@26275bef]" started-at="2023-07-28T13:21:52 IST" name="logout" finished-at="2023-07-28T13:21:55 IST" duration-ms="3149" status="PASS">
          <reporter-output>
          </reporter-output>
        </test-method> <!-- logout -->
      </class> <!-- testExecution.LoginFlow -->
    </test> <!-- Default test -->
  </suite> <!-- Default suite -->
</testng-results>
