<?xml version="1.0" encoding="UTF-8"?>
<!-- Generated by org.testng.reporters.JUnitXMLReporter -->
<testsuite ignored="1" hostname="NBIN0020" failures="0" tests="4" name="GoogleTest" time="7.137" errors="0" timestamp="2023-06-21T10:11:06 IST">
  <testcase classname="Test.Basics" name="searchTest" time="0.005"/>
  <testcase classname="Test.Basics" name="validateLogin" time="0.001"/>
  <testcase classname="Test.GoogleTest" name="googlePic" time="0.062"/>
  <testcase classname="Test.GoogleTest" name="getTittle" time="0.008"/>
  <testcase classname="Test.GoogleTest" name="linkedTest" time="0.0">
    <ignored/>
  </testcase> <!-- linkedTest -->
</testsuite> <!-- GoogleTest -->
